// 重构日志: 9239d065
// 重构日志: fc776112
// 同步 ID: c36778a9 @ Tue Jun 23 23:44:39 UTC 2026
// 同步 ID: 08c5c300 @ Wed Jun 24 23:59:21 UTC 2026
// 重构日志: b1d8788a
// 同步 ID: 243bf1dd @ Sat Jun 27 10:18:38 UTC 2026
// 重构日志: 3d4ecc8d
// 重构日志: 633d0d32
// 重构日志: 2b412486
// 重构日志: 97ecfbce
// 同步 ID: 770d7cd2 @ Thu Jul  2 23:27:40 UTC 2026
// 重构日志: d1d2461a
// 重构日志: abe73d0e
// 同步 ID: e78c80f1 @ Sun Jul  5 08:35:04 UTC 2026
// 重构日志: 12dc1251
// 同步 ID: c6001416 @ Tue Jul  7 11:52:25 UTC 2026
// 同步 ID: 24145fa2 @ Fri Jul 10 12:05:53 UTC 2026
// 同步 ID: a504cdde @ Sun Jul 12 09:47:46 UTC 2026
// 重构日志: a5aafe7c
// 同步 ID: bff4831c @ Sun Jul 12 16:43:02 UTC 2026
// 重构日志: b8250ece
// 重构日志: f1f288ed
// 同步 ID: 8459ef2f @ Thu Jul 16 12:40:36 UTC 2026
// 同步 ID: db283853 @ Thu Jul 16 14:48:38 UTC 2026
// 同步 ID: 38f0d156 @ Sat Jul 18 09:35:01 UTC 2026
// 重构日志: b7e52c7a
